<?xml version="1.0" encoding="UTF-8"?>
<beans xmlns="http://www.springframework.org/schema/beans"
       xmlns:xsi="http://www.w3.org/2001/XMLSchema-instance"
       xmlns:context="http://www.springframework.org/schema/context"
       xmlns:neo4j="http://www.springframework.org/schema/data/neo4j"
       xsi:schemaLocation="http://www.springframework.org/schema/beans
                           http://www.springframework.org/schema/beans/spring-beans.xsd
                           http://www.springframework.org/schema/context
                           http://www.springframework.org/schema/context/spring-context-4.0.xsd
                           http://www.springframework.org/schema/data/neo4j
                           http://www.springframework.org/schema/data/neo4j/spring-neo4j.xsd">

    <context:component-scan base-package="org.springframework.data.neo4j.integration.helloworldxml"/>

    <context:property-placeholder location="classpath:helloworld.properties"/>

    <bean id="galaxyService" class="org.springframework.data.neo4j.integration.helloworldxml.service.GalaxyService"/>

    <neo4j:config base-package="org.springframework.data.neo4j.integration.helloworldxml.domain" neo4j-server-ref="neo4jServer"/>
    <neo4j:repositories base-package="org.springframework.data.neo4j.integration.helloworldxml.repo"/>

    <bean id="neo4jServer" class="org.springframework.data.neo4j.server.InProcessServer"/>

</beans>
